Build started 5/19/2015 10:27:30 PM.
     1>Project "D:\GitHub\School\Spring2015\CS134\FinalGame\FinalGame\FinalGame.vcxproj" on node 2 (ClCompile target(s)).
     1>ClCompile:
         D:\Program Files\Microsoft Visual Studio 12.0\VC\bin\CL.exe /c /ZI /nologo /W3 /WX- /sdl /Od /Oy- /D _MBCS /Gm /EHsc /RTC1 /MDd /GS /fp:precise /Zc:wchar_t /Zc:forScope /Fo"Debug\\" /Fd"Debug\vc120.pdb" /Gd /TC /analyze- /errorReport:prompt FinalGame.c
         FinalGame.c
     1>d:\github\school\spring2015\cs134\finalgame\finalgame\finalgame.c(213): warning C4244: '=' : conversion from 'double' to 'int', possible loss of data
     1>d:\github\school\spring2015\cs134\finalgame\finalgame\finalgame.c(215): warning C4018: '<=' : signed/unsigned mismatch
     1>d:\github\school\spring2015\cs134\finalgame\finalgame\finalgame.c(215): warning C4018: '>=' : signed/unsigned mismatch
     1>d:\github\school\spring2015\cs134\finalgame\finalgame\finalgame.c(225): warning C4244: '=' : conversion from 'unsigned int' to 'float', possible loss of data
     1>d:\github\school\spring2015\cs134\finalgame\finalgame\finalgame.c(226): warning C4244: '=' : conversion from 'unsigned int' to 'float', possible loss of data
     1>d:\github\school\spring2015\cs134\finalgame\finalgame\finalgame.c(285): warning C4244: '=' : conversion from 'int' to 'float', possible loss of data
     1>d:\github\school\spring2015\cs134\finalgame\finalgame\finalgame.c(288): warning C4244: '=' : conversion from 'int' to 'float', possible loss of data
     1>d:\github\school\spring2015\cs134\finalgame\finalgame\finalgame.c(289): warning C4244: '=' : conversion from 'int' to 'float', possible loss of data
     1>d:\github\school\spring2015\cs134\finalgame\finalgame\finalgame.c(411): warning C4244: '=' : conversion from 'int' to 'float', possible loss of data
     1>d:\github\school\spring2015\cs134\finalgame\finalgame\finalgame.c(412): warning C4244: '=' : conversion from 'int' to 'float', possible loss of data
     1>d:\github\school\spring2015\cs134\finalgame\finalgame\finalgame.c(607): warning C4244: '=' : conversion from 'int' to 'float', possible loss of data
     1>d:\github\school\spring2015\cs134\finalgame\finalgame\finalgame.c(608): warning C4244: '=' : conversion from 'int' to 'float', possible loss of data
     1>d:\github\school\spring2015\cs134\finalgame\finalgame\finalgame.c(609): warning C4244: '=' : conversion from 'int' to 'float', possible loss of data
     1>d:\github\school\spring2015\cs134\finalgame\finalgame\finalgame.c(610): warning C4244: '=' : conversion from 'int' to 'float', possible loss of data
     1>d:\github\school\spring2015\cs134\finalgame\finalgame\finalgame.c(631): warning C4013: 'memcpy' undefined; assuming extern returning int
     1>d:\github\school\spring2015\cs134\finalgame\finalgame\finalgame.c(657): warning C4244: 'function' : conversion from 'float' to 'int', possible loss of data
     1>d:\github\school\spring2015\cs134\finalgame\finalgame\finalgame.c(658): warning C4244: 'function' : conversion from 'float' to 'int', possible loss of data
     1>d:\github\school\spring2015\cs134\finalgame\finalgame\finalgame.c(667): warning C4244: 'function' : conversion from 'float' to 'int', possible loss of data
     1>d:\github\school\spring2015\cs134\finalgame\finalgame\finalgame.c(835): warning C4244: 'function' : conversion from 'float' to 'int', possible loss of data
     1>d:\github\school\spring2015\cs134\finalgame\finalgame\finalgame.c(837): warning C4244: 'function' : conversion from 'float' to 'int', possible loss of data
     1>d:\github\school\spring2015\cs134\finalgame\finalgame\finalgame.c(839): warning C4244: 'function' : conversion from 'float' to 'int', possible loss of data
     1>d:\github\school\spring2015\cs134\finalgame\finalgame\finalgame.c(840): warning C4244: 'function' : conversion from 'float' to 'int', possible loss of data
     1>d:\github\school\spring2015\cs134\finalgame\finalgame\finalgame.c(843): warning C4244: 'function' : conversion from 'float' to 'int', possible loss of data
     1>d:\github\school\spring2015\cs134\finalgame\finalgame\finalgame.c(845): warning C4244: 'function' : conversion from 'float' to 'int', possible loss of data
     1>d:\github\school\spring2015\cs134\finalgame\finalgame\finalgame.c(624): warning C4101: 'lastPhysicsFrameMs' : unreferenced local variable
     1>Done Building Project "D:\GitHub\School\Spring2015\CS134\FinalGame\FinalGame\FinalGame.vcxproj" (ClCompile target(s)).

Build succeeded.

Time Elapsed 00:00:00.10
